<?xml version="1.0" encoding="UTF-8"?>
<!-- Generated by org.testng.reporters.JUnitReportReporter -->
<testsuite hostname="IN-380D5S3" failures="0" tests="1" name="CucumberJavaProject.sampleProject.FirstSeleniumProject" time="8.082" errors="0" timestamp="2024-04-09T17:23:21 IST" skipped="0">
  <testcase classname="CucumberJavaProject.sampleProject.FirstSeleniumProject" name="testSearchText" time="8.082"/>
  <system-out/>
</testsuite> <!-- CucumberJavaProject.sampleProject.FirstSeleniumProject -->
