<?xml version="1.0" encoding="UTF-8"?>
<!-- Generated by org.testng.reporters.JUnitReportReporter -->
<testsuite hostname="IN-380D5S3" failures="0" tests="1" name="CucumberJavaProject.sampleProject.FirstSeleniumProject" time="19.713" errors="0" timestamp="2024-04-10T15:54:29 IST" skipped="0">
  <testcase classname="CucumberJavaProject.sampleProject.FirstSeleniumProject" name="testSearchText" time="19.713"/>
  <system-out/>
</testsuite> <!-- CucumberJavaProject.sampleProject.FirstSeleniumProject -->
